{"/Users/sumitsaharawat/Desktop/Comp4350-Team3/server/src/db/dbLog.ts": {"path":"/Users/sumitsaharawat/Desktop/Comp4350-Team3/server/src/db/dbLog.ts","statementMap":{"0":{"start":{"line":1,"column":0},"end":{"line":1,"column":26}},"1":{"start":{"line":2,"column":13},"end":{"line":2,"column":40}}},"fnMap":{},"branchMap":{},"s":{"0":1,"1":1},"f":{},"b":{}}
,"/Users/sumitsaharawat/Desktop/Comp4350-Team3/server/src/db/userDB.ts": {"path":"/Users/sumitsaharawat/Desktop/Comp4350-Team3/server/src/db/userDB.ts","statementMap":{"0":{"start":{"line":1,"column":0},"end":{"line":1,"column":44}},"1":{"start":{"line":2,"column":15},"end":{"line":2,"column":30}},"2":{"start":{"line":14,"column":19},"end":{"line":28,"column":2}},"3":{"start":{"line":30,"column":13},"end":{"line":30,"column":54}},"4":{"start":{"line":31,"column":0},"end":{"line":31,"column":20}}},"fnMap":{},"branchMap":{},"s":{"0":1,"1":1,"2":1,"3":1,"4":1},"f":{},"b":{}}
,"/Users/sumitsaharawat/Desktop/Comp4350-Team3/server/src/db/userService.ts": {"path":"/Users/sumitsaharawat/Desktop/Comp4350-Team3/server/src/db/userService.ts","statementMap":{"0":{"start":{"line":1,"column":0},"end":{"line":1,"column":37}},"1":{"start":{"line":2,"column":0},"end":{"line":2,"column":32}},"2":{"start":{"line":3,"column":0},"end":{"line":3,"column":30}},"3":{"start":{"line":6,"column":23},"end":{"line":25,"column":2}},"4":{"start":{"line":6,"column":101},"end":{"line":25,"column":2}},"5":{"start":{"line":7,"column":2},"end":{"line":24,"column":null}},"6":{"start":{"line":9,"column":4},"end":{"line":11,"column":null}},"7":{"start":{"line":10,"column":6},"end":{"line":10,"column":59}},"8":{"start":{"line":13,"column":20},"end":{"line":13,"column":59}},"9":{"start":{"line":14,"column":4},"end":{"line":14,"column":25}},"10":{"start":{"line":15,"column":4},"end":{"line":15,"column":19}},"11":{"start":{"line":18,"column":4},"end":{"line":21,"column":null}},"12":{"start":{"line":19,"column":6},"end":{"line":19,"column":56}},"13":{"start":{"line":20,"column":6},"end":{"line":20,"column":49}},"14":{"start":{"line":22,"column":4},"end":{"line":22,"column":45}},"15":{"start":{"line":23,"column":4},"end":{"line":23,"column":14}},"16":{"start":{"line":6,"column":13},"end":{"line":6,"column":23}},"17":{"start":{"line":28,"column":27},"end":{"line":36,"column":2}},"18":{"start":{"line":28,"column":38},"end":{"line":36,"column":2}},"19":{"start":{"line":29,"column":2},"end":{"line":35,"column":null}},"20":{"start":{"line":30,"column":18},"end":{"line":30,"column":37}},"21":{"start":{"line":31,"column":4},"end":{"line":31,"column":17}},"22":{"start":{"line":33,"column":4},"end":{"line":33,"column":50}},"23":{"start":{"line":34,"column":4},"end":{"line":34,"column":14}},"24":{"start":{"line":28,"column":13},"end":{"line":28,"column":27}},"25":{"start":{"line":39,"column":34},"end":{"line":51,"column":2}},"26":{"start":{"line":39,"column":61},"end":{"line":51,"column":2}},"27":{"start":{"line":40,"column":2},"end":{"line":50,"column":null}},"28":{"start":{"line":42,"column":18},"end":{"line":42,"column":45}},"29":{"start":{"line":43,"column":4},"end":{"line":45,"column":null}},"30":{"start":{"line":44,"column":6},"end":{"line":44,"column":55}},"31":{"start":{"line":46,"column":4},"end":{"line":46,"column":17}},"32":{"start":{"line":48,"column":4},"end":{"line":48,"column":50}},"33":{"start":{"line":49,"column":4},"end":{"line":49,"column":14}},"34":{"start":{"line":39,"column":13},"end":{"line":39,"column":34}},"35":{"start":{"line":55,"column":24},"end":{"line":86,"column":2}},"36":{"start":{"line":55,"column":124},"end":{"line":86,"column":2}},"37":{"start":{"line":56,"column":2},"end":{"line":85,"column":null}},"38":{"start":{"line":58,"column":4},"end":{"line":60,"column":null}},"39":{"start":{"line":59,"column":6},"end":{"line":59,"column":48}},"40":{"start":{"line":62,"column":42},"end":{"line":62,"column":44}},"41":{"start":{"line":65,"column":4},"end":{"line":65,"column":52}},"42":{"start":{"line":65,"column":18},"end":{"line":65,"column":52}},"43":{"start":{"line":66,"column":4},"end":{"line":66,"column":52}},"44":{"start":{"line":66,"column":18},"end":{"line":66,"column":52}},"45":{"start":{"line":67,"column":4},"end":{"line":67,"column":49}},"46":{"start":{"line":67,"column":17},"end":{"line":67,"column":49}},"47":{"start":{"line":69,"column":24},"end":{"line":69,"column":84}},"48":{"start":{"line":71,"column":4},"end":{"line":74,"column":null}},"49":{"start":{"line":72,"column":6},"end":{"line":72,"column":48}},"50":{"start":{"line":73,"column":6},"end":{"line":73,"column":18}},"51":{"start":{"line":76,"column":4},"end":{"line":76,"column":23}},"52":{"start":{"line":79,"column":4},"end":{"line":82,"column":null}},"53":{"start":{"line":80,"column":6},"end":{"line":80,"column":56}},"54":{"start":{"line":81,"column":6},"end":{"line":81,"column":49}},"55":{"start":{"line":83,"column":4},"end":{"line":83,"column":47}},"56":{"start":{"line":84,"column":4},"end":{"line":84,"column":14}},"57":{"start":{"line":55,"column":13},"end":{"line":55,"column":24}},"58":{"start":{"line":89,"column":26},"end":{"line":105,"column":2}},"59":{"start":{"line":89,"column":47},"end":{"line":105,"column":2}},"60":{"start":{"line":90,"column":2},"end":{"line":104,"column":null}},"61":{"start":{"line":91,"column":4},"end":{"line":93,"column":null}},"62":{"start":{"line":92,"column":6},"end":{"line":92,"column":41}},"63":{"start":{"line":94,"column":19},"end":{"line":94,"column":50}},"64":{"start":{"line":95,"column":4},"end":{"line":99,"column":null}},"65":{"start":{"line":96,"column":6},"end":{"line":96,"column":48}},"66":{"start":{"line":98,"column":6},"end":{"line":98,"column":37}},"67":{"start":{"line":100,"column":4},"end":{"line":100,"column":18}},"68":{"start":{"line":102,"column":4},"end":{"line":102,"column":47}},"69":{"start":{"line":103,"column":4},"end":{"line":103,"column":14}},"70":{"start":{"line":89,"column":13},"end":{"line":89,"column":26}},"71":{"start":{"line":107,"column":28},"end":{"line":112,"column":2}},"72":{"start":{"line":107,"column":72},"end":{"line":112,"column":2}},"73":{"start":{"line":108,"column":2},"end":{"line":110,"column":null}},"74":{"start":{"line":109,"column":4},"end":{"line":109,"column":46}},"75":{"start":{"line":111,"column":2},"end":{"line":111,"column":33}},"76":{"start":{"line":107,"column":13},"end":{"line":107,"column":28}}},"fnMap":{"0":{"name":"(anonymous_8)","decl":{"start":{"line":6,"column":23},"end":{"line":6,"column":30}},"loc":{"start":{"line":6,"column":101},"end":{"line":25,"column":2}}},"1":{"name":"(anonymous_9)","decl":{"start":{"line":6,"column":101},"end":{"line":6,"column":null}},"loc":{"start":{"line":6,"column":101},"end":{"line":25,"column":1}}},"2":{"name":"(anonymous_10)","decl":{"start":{"line":28,"column":27},"end":{"line":28,"column":36}},"loc":{"start":{"line":28,"column":38},"end":{"line":36,"column":2}}},"3":{"name":"(anonymous_11)","decl":{"start":{"line":28,"column":38},"end":{"line":28,"column":null}},"loc":{"start":{"line":28,"column":38},"end":{"line":36,"column":1}}},"4":{"name":"(anonymous_12)","decl":{"start":{"line":39,"column":34},"end":{"line":39,"column":41}},"loc":{"start":{"line":39,"column":61},"end":{"line":51,"column":2}}},"5":{"name":"(anonymous_13)","decl":{"start":{"line":39,"column":61},"end":{"line":39,"column":null}},"loc":{"start":{"line":39,"column":61},"end":{"line":51,"column":1}}},"6":{"name":"(anonymous_14)","decl":{"start":{"line":55,"column":24},"end":{"line":55,"column":31}},"loc":{"start":{"line":55,"column":124},"end":{"line":86,"column":2}}},"7":{"name":"(anonymous_15)","decl":{"start":{"line":55,"column":124},"end":{"line":55,"column":null}},"loc":{"start":{"line":55,"column":124},"end":{"line":86,"column":1}}},"8":{"name":"(anonymous_16)","decl":{"start":{"line":89,"column":26},"end":{"line":89,"column":33}},"loc":{"start":{"line":89,"column":47},"end":{"line":105,"column":2}}},"9":{"name":"(anonymous_17)","decl":{"start":{"line":89,"column":47},"end":{"line":89,"column":null}},"loc":{"start":{"line":89,"column":47},"end":{"line":105,"column":1}}},"10":{"name":"(anonymous_18)","decl":{"start":{"line":107,"column":28},"end":{"line":107,"column":35}},"loc":{"start":{"line":107,"column":72},"end":{"line":112,"column":2}}},"11":{"name":"(anonymous_19)","decl":{"start":{"line":107,"column":72},"end":{"line":107,"column":null}},"loc":{"start":{"line":107,"column":72},"end":{"line":112,"column":1}}}},"branchMap":{"0":{"loc":{"start":{"line":9,"column":4},"end":{"line":11,"column":null}},"type":"if","locations":[{"start":{"line":9,"column":4},"end":{"line":11,"column":null}}]},"1":{"loc":{"start":{"line":9,"column":8},"end":{"line":9,"column":45}},"type":"binary-expr","locations":[{"start":{"line":9,"column":8},"end":{"line":9,"column":29}},{"start":{"line":9,"column":33},"end":{"line":9,"column":45}}]},"2":{"loc":{"start":{"line":18,"column":4},"end":{"line":21,"column":null}},"type":"if","locations":[{"start":{"line":18,"column":4},"end":{"line":21,"column":null}}]},"3":{"loc":{"start":{"line":43,"column":4},"end":{"line":45,"column":null}},"type":"if","locations":[{"start":{"line":43,"column":4},"end":{"line":45,"column":null}}]},"4":{"loc":{"start":{"line":58,"column":4},"end":{"line":60,"column":null}},"type":"if","locations":[{"start":{"line":58,"column":4},"end":{"line":60,"column":null}}]},"5":{"loc":{"start":{"line":65,"column":4},"end":{"line":65,"column":52}},"type":"if","locations":[{"start":{"line":65,"column":4},"end":{"line":65,"column":52}}]},"6":{"loc":{"start":{"line":66,"column":4},"end":{"line":66,"column":52}},"type":"if","locations":[{"start":{"line":66,"column":4},"end":{"line":66,"column":52}}]},"7":{"loc":{"start":{"line":67,"column":4},"end":{"line":67,"column":49}},"type":"if","locations":[{"start":{"line":67,"column":4},"end":{"line":67,"column":49}}]},"8":{"loc":{"start":{"line":71,"column":4},"end":{"line":74,"column":null}},"type":"if","locations":[{"start":{"line":71,"column":4},"end":{"line":74,"column":null}}]},"9":{"loc":{"start":{"line":79,"column":4},"end":{"line":82,"column":null}},"type":"if","locations":[{"start":{"line":79,"column":4},"end":{"line":82,"column":null}}]},"10":{"loc":{"start":{"line":91,"column":4},"end":{"line":93,"column":null}},"type":"if","locations":[{"start":{"line":91,"column":4},"end":{"line":93,"column":null}}]},"11":{"loc":{"start":{"line":95,"column":4},"end":{"line":99,"column":null}},"type":"if","locations":[{"start":{"line":95,"column":4},"end":{"line":99,"column":null}},{"start":{"line":97,"column":11},"end":{"line":99,"column":null}}]},"12":{"loc":{"start":{"line":108,"column":2},"end":{"line":110,"column":null}},"type":"if","locations":[{"start":{"line":108,"column":2},"end":{"line":110,"column":null}}]}},"s":{"0":1,"1":1,"2":1,"3":1,"4":30,"5":30,"6":30,"7":3,"8":27,"9":27,"10":26,"11":4,"12":1,"13":1,"14":3,"15":3,"16":1,"17":1,"18":7,"19":7,"20":7,"21":6,"22":1,"23":1,"24":1,"25":1,"26":3,"27":3,"28":3,"29":2,"30":1,"31":2,"32":1,"33":1,"34":1,"35":1,"36":6,"37":6,"38":6,"39":1,"40":5,"41":5,"42":3,"43":5,"44":1,"45":5,"46":2,"47":5,"48":4,"49":1,"50":1,"51":3,"52":2,"53":1,"54":1,"55":1,"56":1,"57":1,"58":1,"59":3,"60":3,"61":3,"62":1,"63":2,"64":2,"65":1,"66":1,"67":2,"68":1,"69":1,"70":1,"71":1,"72":4,"73":4,"74":1,"75":3,"76":1},"f":{"0":30,"1":30,"2":7,"3":7,"4":3,"5":3,"6":6,"7":6,"8":3,"9":3,"10":4,"11":4},"b":{"0":[3],"1":[30,29],"2":[1],"3":[1],"4":[1],"5":[3],"6":[1],"7":[2],"8":[1],"9":[1],"10":[1],"11":[1,1],"12":[1]}}
}
