{"/Users/sumitsaharawat/Desktop/Comp4350-Team3/server/src/controller/controlLog.ts": {"path":"/Users/sumitsaharawat/Desktop/Comp4350-Team3/server/src/controller/controlLog.ts","statementMap":{"0":{"start":{"line":1,"column":0},"end":{"line":1,"column":26}},"1":{"start":{"line":2,"column":13},"end":{"line":2,"column":53}}},"fnMap":{},"branchMap":{},"s":{"0":1,"1":1},"f":{},"b":{}}
,"/Users/sumitsaharawat/Desktop/Comp4350-Team3/server/src/controller/goalsController.ts": {"path":"/Users/sumitsaharawat/Desktop/Comp4350-Team3/server/src/controller/goalsController.ts","statementMap":{"0":{"start":{"line":3,"column":0},"end":{"line":3,"column":78}},"1":{"start":{"line":4,"column":0},"end":{"line":4,"column":40}},"2":{"start":{"line":6,"column":0},"end":{"line":6,"column":56}},"3":{"start":{"line":7,"column":0},"end":{"line":7,"column":47}},"4":{"start":{"line":10,"column":19},"end":{"line":22,"column":2}},"5":{"start":{"line":10,"column":37},"end":{"line":22,"column":2}},"6":{"start":{"line":25,"column":33},"end":{"line":56,"column":2}},"7":{"start":{"line":25,"column":71},"end":{"line":56,"column":2}},"8":{"start":{"line":26,"column":65},"end":{"line":26,"column":73}},"9":{"start":{"line":29,"column":24},"end":{"line":29,"column":46}},"10":{"start":{"line":30,"column":24},"end":{"line":30,"column":46}},"11":{"start":{"line":31,"column":2},"end":{"line":35,"column":null}},"12":{"start":{"line":32,"column":4},"end":{"line":34,"column":7}},"13":{"start":{"line":37,"column":2},"end":{"line":55,"column":null}},"14":{"start":{"line":38,"column":17},"end":{"line":38,"column":84}},"15":{"start":{"line":41,"column":4},"end":{"line":50,"column":null}},"16":{"start":{"line":42,"column":6},"end":{"line":49,"column":8}},"17":{"start":{"line":51,"column":4},"end":{"line":51,"column":87}},"18":{"start":{"line":53,"column":4},"end":{"line":53,"column":62}},"19":{"start":{"line":54,"column":4},"end":{"line":54,"column":79}},"20":{"start":{"line":25,"column":13},"end":{"line":25,"column":33}},"21":{"start":{"line":59,"column":37},"end":{"line":70,"column":2}},"22":{"start":{"line":59,"column":75},"end":{"line":70,"column":2}},"23":{"start":{"line":60,"column":19},"end":{"line":60,"column":29}},"24":{"start":{"line":61,"column":2},"end":{"line":61,"column":51}},"25":{"start":{"line":63,"column":2},"end":{"line":69,"column":null}},"26":{"start":{"line":64,"column":18},"end":{"line":64,"column":43}},"27":{"start":{"line":65,"column":4},"end":{"line":65,"column":48}},"28":{"start":{"line":67,"column":4},"end":{"line":67,"column":65}},"29":{"start":{"line":68,"column":4},"end":{"line":68,"column":82}},"30":{"start":{"line":59,"column":13},"end":{"line":59,"column":37}},"31":{"start":{"line":73,"column":34},"end":{"line":111,"column":2}},"32":{"start":{"line":73,"column":72},"end":{"line":111,"column":2}},"33":{"start":{"line":74,"column":15},"end":{"line":74,"column":25}},"34":{"start":{"line":75,"column":57},"end":{"line":75,"column":65}},"35":{"start":{"line":77,"column":2},"end":{"line":110,"column":null}},"36":{"start":{"line":78,"column":24},"end":{"line":78,"column":88}},"37":{"start":{"line":79,"column":4},"end":{"line":81,"column":null}},"38":{"start":{"line":80,"column":6},"end":{"line":80,"column":63}},"39":{"start":{"line":84,"column":4},"end":{"line":101,"column":null}},"40":{"start":{"line":85,"column":19},"end":{"line":85,"column":66}},"41":{"start":{"line":86,"column":6},"end":{"line":88,"column":null}},"42":{"start":{"line":87,"column":8},"end":{"line":87,"column":42}},"43":{"start":{"line":89,"column":6},"end":{"line":91,"column":null}},"44":{"start":{"line":90,"column":8},"end":{"line":90,"column":63}},"45":{"start":{"line":93,"column":6},"end":{"line":100,"column":8}},"46":{"start":{"line":103,"column":4},"end":{"line":106,"column":7}},"47":{"start":{"line":108,"column":4},"end":{"line":108,"column":62}},"48":{"start":{"line":109,"column":4},"end":{"line":109,"column":79}},"49":{"start":{"line":73,"column":13},"end":{"line":73,"column":34}},"50":{"start":{"line":114,"column":36},"end":{"line":128,"column":2}},"51":{"start":{"line":114,"column":74},"end":{"line":128,"column":2}},"52":{"start":{"line":115,"column":15},"end":{"line":115,"column":25}},"53":{"start":{"line":117,"column":2},"end":{"line":127,"column":null}},"54":{"start":{"line":118,"column":19},"end":{"line":118,"column":39}},"55":{"start":{"line":119,"column":4},"end":{"line":123,"column":null}},"56":{"start":{"line":120,"column":6},"end":{"line":120,"column":67}},"57":{"start":{"line":122,"column":6},"end":{"line":122,"column":56}},"58":{"start":{"line":125,"column":4},"end":{"line":125,"column":62}},"59":{"start":{"line":126,"column":4},"end":{"line":126,"column":79}},"60":{"start":{"line":114,"column":13},"end":{"line":114,"column":36}}},"fnMap":{"0":{"name":"(anonymous_7)","decl":{"start":{"line":10,"column":19},"end":{"line":10,"column":20}},"loc":{"start":{"line":10,"column":37},"end":{"line":22,"column":2}}},"1":{"name":"(anonymous_8)","decl":{"start":{"line":25,"column":33},"end":{"line":25,"column":40}},"loc":{"start":{"line":25,"column":71},"end":{"line":56,"column":2}}},"2":{"name":"(anonymous_9)","decl":{"start":{"line":25,"column":71},"end":{"line":25,"column":null}},"loc":{"start":{"line":25,"column":71},"end":{"line":56,"column":1}}},"3":{"name":"(anonymous_10)","decl":{"start":{"line":59,"column":37},"end":{"line":59,"column":44}},"loc":{"start":{"line":59,"column":75},"end":{"line":70,"column":2}}},"4":{"name":"(anonymous_11)","decl":{"start":{"line":59,"column":75},"end":{"line":59,"column":null}},"loc":{"start":{"line":59,"column":75},"end":{"line":70,"column":1}}},"5":{"name":"(anonymous_12)","decl":{"start":{"line":73,"column":34},"end":{"line":73,"column":41}},"loc":{"start":{"line":73,"column":72},"end":{"line":111,"column":2}}},"6":{"name":"(anonymous_13)","decl":{"start":{"line":73,"column":72},"end":{"line":73,"column":null}},"loc":{"start":{"line":73,"column":72},"end":{"line":111,"column":1}}},"7":{"name":"(anonymous_14)","decl":{"start":{"line":114,"column":36},"end":{"line":114,"column":43}},"loc":{"start":{"line":114,"column":74},"end":{"line":128,"column":2}}},"8":{"name":"(anonymous_15)","decl":{"start":{"line":114,"column":74},"end":{"line":114,"column":null}},"loc":{"start":{"line":114,"column":74},"end":{"line":128,"column":1}}}},"branchMap":{"0":{"loc":{"start":{"line":31,"column":2},"end":{"line":35,"column":null}},"type":"if","locations":[{"start":{"line":31,"column":2},"end":{"line":35,"column":null}}]},"1":{"loc":{"start":{"line":41,"column":4},"end":{"line":50,"column":null}},"type":"if","locations":[{"start":{"line":41,"column":4},"end":{"line":50,"column":null}}]},"2":{"loc":{"start":{"line":53,"column":42},"end":{"line":53,"column":60}},"type":"binary-expr","locations":[{"start":{"line":53,"column":42},"end":{"line":53,"column":53}},{"start":{"line":53,"column":57},"end":{"line":53,"column":60}}]},"3":{"loc":{"start":{"line":54,"column":40},"end":{"line":54,"column":76}},"type":"binary-expr","locations":[{"start":{"line":54,"column":40},"end":{"line":54,"column":51}},{"start":{"line":54,"column":55},"end":{"line":54,"column":76}}]},"4":{"loc":{"start":{"line":67,"column":45},"end":{"line":67,"column":63}},"type":"binary-expr","locations":[{"start":{"line":67,"column":45},"end":{"line":67,"column":56}},{"start":{"line":67,"column":60},"end":{"line":67,"column":63}}]},"5":{"loc":{"start":{"line":68,"column":40},"end":{"line":68,"column":79}},"type":"binary-expr","locations":[{"start":{"line":68,"column":40},"end":{"line":68,"column":51}},{"start":{"line":68,"column":55},"end":{"line":68,"column":79}}]},"6":{"loc":{"start":{"line":79,"column":4},"end":{"line":81,"column":null}},"type":"if","locations":[{"start":{"line":79,"column":4},"end":{"line":81,"column":null}}]},"7":{"loc":{"start":{"line":84,"column":4},"end":{"line":101,"column":null}},"type":"if","locations":[{"start":{"line":84,"column":4},"end":{"line":101,"column":null}}]},"8":{"loc":{"start":{"line":86,"column":6},"end":{"line":88,"column":null}},"type":"if","locations":[{"start":{"line":86,"column":6},"end":{"line":88,"column":null}}]},"9":{"loc":{"start":{"line":89,"column":6},"end":{"line":91,"column":null}},"type":"if","locations":[{"start":{"line":89,"column":6},"end":{"line":91,"column":null}}]},"10":{"loc":{"start":{"line":108,"column":42},"end":{"line":108,"column":60}},"type":"binary-expr","locations":[{"start":{"line":108,"column":42},"end":{"line":108,"column":53}},{"start":{"line":108,"column":57},"end":{"line":108,"column":60}}]},"11":{"loc":{"start":{"line":109,"column":40},"end":{"line":109,"column":76}},"type":"binary-expr","locations":[{"start":{"line":109,"column":40},"end":{"line":109,"column":51}},{"start":{"line":109,"column":55},"end":{"line":109,"column":76}}]},"12":{"loc":{"start":{"line":119,"column":4},"end":{"line":123,"column":null}},"type":"if","locations":[{"start":{"line":119,"column":4},"end":{"line":123,"column":null}},{"start":{"line":121,"column":11},"end":{"line":123,"column":null}}]},"13":{"loc":{"start":{"line":125,"column":42},"end":{"line":125,"column":60}},"type":"binary-expr","locations":[{"start":{"line":125,"column":42},"end":{"line":125,"column":53}},{"start":{"line":125,"column":57},"end":{"line":125,"column":60}}]},"14":{"loc":{"start":{"line":126,"column":40},"end":{"line":126,"column":76}},"type":"binary-expr","locations":[{"start":{"line":126,"column":40},"end":{"line":126,"column":51}},{"start":{"line":126,"column":55},"end":{"line":126,"column":76}}]}},"s":{"0":1,"1":1,"2":1,"3":1,"4":1,"5":5,"6":1,"7":4,"8":4,"9":4,"10":4,"11":4,"12":1,"13":3,"14":3,"15":2,"16":1,"17":2,"18":1,"19":1,"20":1,"21":1,"22":2,"23":2,"24":2,"25":2,"26":2,"27":1,"28":1,"29":1,"30":1,"31":1,"32":6,"33":6,"34":6,"35":6,"36":6,"37":5,"38":1,"39":4,"40":3,"41":3,"42":1,"43":2,"44":1,"45":1,"46":2,"47":3,"48":3,"49":1,"50":1,"51":3,"52":3,"53":3,"54":3,"55":2,"56":1,"57":1,"58":1,"59":1,"60":1},"f":{"0":5,"1":4,"2":4,"3":2,"4":2,"5":6,"6":6,"7":3,"8":3},"b":{"0":[1],"1":[1],"2":[1,0],"3":[1,0],"4":[1,0],"5":[1,0],"6":[1],"7":[3],"8":[1],"9":[1],"10":[3,0],"11":[3,0],"12":[1,1],"13":[1,0],"14":[1,0]}}
}
