TN:
SF:../db/dbLog.ts
FNF:0
FNH:0
DA:1,1
DA:2,1
LF:2
LH:2
BRF:0
BRH:0
end_of_record
TN:
SF:../db/userDB.ts
FNF:0
FNH:0
DA:1,1
DA:2,1
DA:14,1
DA:30,1
DA:31,1
LF:5
LH:5
BRF:0
BRH:0
end_of_record
TN:
SF:../db/userService.ts
FN:6,(anonymous_8)
FN:6,(anonymous_9)
FN:28,(anonymous_10)
FN:28,(anonymous_11)
FN:39,(anonymous_12)
FN:39,(anonymous_13)
FN:55,(anonymous_14)
FN:55,(anonymous_15)
FN:89,(anonymous_16)
FN:89,(anonymous_17)
FN:107,(anonymous_18)
FN:107,(anonymous_19)
FNF:12
FNH:12
FNDA:30,(anonymous_8)
FNDA:30,(anonymous_9)
FNDA:7,(anonymous_10)
FNDA:7,(anonymous_11)
FNDA:3,(anonymous_12)
FNDA:3,(anonymous_13)
FNDA:6,(anonymous_14)
FNDA:6,(anonymous_15)
FNDA:3,(anonymous_16)
FNDA:3,(anonymous_17)
FNDA:4,(anonymous_18)
FNDA:4,(anonymous_19)
DA:1,1
DA:2,1
DA:3,1
DA:6,30
DA:7,30
DA:9,30
DA:10,3
DA:13,27
DA:14,27
DA:15,26
DA:18,4
DA:19,1
DA:20,1
DA:22,3
DA:23,3
DA:28,7
DA:29,7
DA:30,7
DA:31,6
DA:33,1
DA:34,1
DA:39,3
DA:40,3
DA:42,3
DA:43,2
DA:44,1
DA:46,2
DA:48,1
DA:49,1
DA:55,6
DA:56,6
DA:58,6
DA:59,1
DA:62,5
DA:65,5
DA:66,5
DA:67,5
DA:69,5
DA:71,4
DA:72,1
DA:73,1
DA:76,3
DA:79,2
DA:80,1
DA:81,1
DA:83,1
DA:84,1
DA:89,3
DA:90,3
DA:91,3
DA:92,1
DA:94,2
DA:95,2
DA:96,1
DA:98,1
DA:100,2
DA:102,1
DA:103,1
DA:107,4
DA:108,4
DA:109,1
DA:111,3
LF:62
LH:62
BRDA:9,0,0,3
BRDA:9,1,0,30
BRDA:9,1,1,29
BRDA:18,2,0,1
BRDA:43,3,0,1
BRDA:58,4,0,1
BRDA:65,5,0,3
BRDA:66,6,0,1
BRDA:67,7,0,2
BRDA:71,8,0,1
BRDA:79,9,0,1
BRDA:91,10,0,1
BRDA:95,11,0,1
BRDA:95,11,1,1
BRDA:108,12,0,1
BRF:15
BRH:15
end_of_record
