TN:
SF:../../controller/controlLog.ts
FNF:0
FNH:0
DA:1,1
DA:2,1
LF:2
LH:2
BRF:0
BRH:0
end_of_record
TN:
SF:../../controller/goalsController.ts
FN:10,(anonymous_7)
FN:25,(anonymous_8)
FN:25,(anonymous_9)
FN:59,(anonymous_10)
FN:59,(anonymous_11)
FN:73,(anonymous_12)
FN:73,(anonymous_13)
FN:114,(anonymous_14)
FN:114,(anonymous_15)
FNF:9
FNH:9
FNDA:5,(anonymous_7)
FNDA:4,(anonymous_8)
FNDA:4,(anonymous_9)
FNDA:2,(anonymous_10)
FNDA:2,(anonymous_11)
FNDA:6,(anonymous_12)
FNDA:6,(anonymous_13)
FNDA:3,(anonymous_14)
FNDA:3,(anonymous_15)
DA:3,1
DA:4,1
DA:6,1
DA:7,1
DA:10,5
DA:25,4
DA:26,4
DA:29,4
DA:30,4
DA:31,4
DA:32,1
DA:37,3
DA:38,3
DA:41,2
DA:42,1
DA:51,2
DA:53,1
DA:54,1
DA:59,2
DA:60,2
DA:61,2
DA:63,2
DA:64,2
DA:65,1
DA:67,1
DA:68,1
DA:73,6
DA:74,6
DA:75,6
DA:77,6
DA:78,6
DA:79,5
DA:80,1
DA:84,4
DA:85,3
DA:86,3
DA:87,1
DA:89,2
DA:90,1
DA:93,1
DA:103,2
DA:108,3
DA:109,3
DA:114,3
DA:115,3
DA:117,3
DA:118,3
DA:119,2
DA:120,1
DA:122,1
DA:125,1
DA:126,1
LF:52
LH:52
BRDA:31,0,0,1
BRDA:41,1,0,1
BRDA:53,2,0,1
BRDA:53,2,1,0
BRDA:54,3,0,1
BRDA:54,3,1,0
BRDA:67,4,0,1
BRDA:67,4,1,0
BRDA:68,5,0,1
BRDA:68,5,1,0
BRDA:79,6,0,1
BRDA:84,7,0,3
BRDA:86,8,0,1
BRDA:89,9,0,1
BRDA:108,10,0,3
BRDA:108,10,1,0
BRDA:109,11,0,3
BRDA:109,11,1,0
BRDA:119,12,0,1
BRDA:119,12,1,1
BRDA:125,13,0,1
BRDA:125,13,1,0
BRDA:126,14,0,1
BRDA:126,14,1,0
BRF:24
BRH:16
end_of_record
